<?xml version="1.0" encoding="UTF-8"?>
<testsuites>
  <testsuite name="" tests="41" assertions="97" errors="0" warnings="0" failures="0" skipped="0" time="1.509960">
    <testsuite name="Project Test Suite" tests="41" assertions="97" errors="0" warnings="0" failures="0" skipped="0" time="1.509960">
      <testsuite name="App\Classes\Card\CardTest" file="/Users/frida/Kod/BTH/dbwebb-kurser/mvc/me/report/tests/Card/CardTest.php" tests="4" assertions="8" errors="0" warnings="0" failures="0" skipped="0" time="0.038982">
        <testcase name="testCreateCard" class="App\Classes\Card\CardTest" classname="App.Classes.Card.CardTest" file="/Users/frida/Kod/BTH/dbwebb-kurser/mvc/me/report/tests/Card/CardTest.php" line="15" assertions="2" time="0.035811"/>
        <testcase name="testCreateCardVerifyValue" class="App\Classes\Card\CardTest" classname="App.Classes.Card.CardTest" file="/Users/frida/Kod/BTH/dbwebb-kurser/mvc/me/report/tests/Card/CardTest.php" line="27" assertions="2" time="0.001879"/>
        <testcase name="testCreateCardVerifySuit" class="App\Classes\Card\CardTest" classname="App.Classes.Card.CardTest" file="/Users/frida/Kod/BTH/dbwebb-kurser/mvc/me/report/tests/Card/CardTest.php" line="38" assertions="2" time="0.000641"/>
        <testcase name="testCreateCardVerifyValueAsString" class="App\Classes\Card\CardTest" classname="App.Classes.Card.CardTest" file="/Users/frida/Kod/BTH/dbwebb-kurser/mvc/me/report/tests/Card/CardTest.php" line="50" assertions="2" time="0.000651"/>
      </testsuite>
      <testsuite name="App\Classes\Card\Deck2Test" file="/Users/frida/Kod/BTH/dbwebb-kurser/mvc/me/report/tests/Card/Deck2Test.php" tests="1" assertions="3" errors="0" warnings="0" failures="0" skipped="0" time="0.004926">
        <testcase name="testCreateDeck2" class="App\Classes\Card\Deck2Test" classname="App.Classes.Card.Deck2Test" file="/Users/frida/Kod/BTH/dbwebb-kurser/mvc/me/report/tests/Card/Deck2Test.php" line="16" assertions="3" time="0.004926"/>
      </testsuite>
      <testsuite name="App\Classes\Card\DeckTest" file="/Users/frida/Kod/BTH/dbwebb-kurser/mvc/me/report/tests/Card/DeckTest.php" tests="9" assertions="20" errors="0" warnings="0" failures="0" skipped="0" time="0.033158">
        <testcase name="testCreateDeck" class="App\Classes\Card\DeckTest" classname="App.Classes.Card.DeckTest" file="/Users/frida/Kod/BTH/dbwebb-kurser/mvc/me/report/tests/Card/DeckTest.php" line="15" assertions="2" time="0.001298"/>
        <testcase name="testGetDeck" class="App\Classes\Card\DeckTest" classname="App.Classes.Card.DeckTest" file="/Users/frida/Kod/BTH/dbwebb-kurser/mvc/me/report/tests/Card/DeckTest.php" line="27" assertions="2" time="0.002051"/>
        <testcase name="testSetDeck" class="App\Classes\Card\DeckTest" classname="App.Classes.Card.DeckTest" file="/Users/frida/Kod/BTH/dbwebb-kurser/mvc/me/report/tests/Card/DeckTest.php" line="39" assertions="2" time="0.001031"/>
        <testcase name="testGetCardHand" class="App\Classes\Card\DeckTest" classname="App.Classes.Card.DeckTest" file="/Users/frida/Kod/BTH/dbwebb-kurser/mvc/me/report/tests/Card/DeckTest.php" line="53" assertions="2" time="0.000977"/>
        <testcase name="testSetCardHand" class="App\Classes\Card\DeckTest" classname="App.Classes.Card.DeckTest" file="/Users/frida/Kod/BTH/dbwebb-kurser/mvc/me/report/tests/Card/DeckTest.php" line="65" assertions="2" time="0.000974"/>
        <testcase name="testShuffleDeck" class="App\Classes\Card\DeckTest" classname="App.Classes.Card.DeckTest" file="/Users/frida/Kod/BTH/dbwebb-kurser/mvc/me/report/tests/Card/DeckTest.php" line="78" assertions="3" time="0.022617"/>
        <testcase name="testGetCards" class="App\Classes\Card\DeckTest" classname="App.Classes.Card.DeckTest" file="/Users/frida/Kod/BTH/dbwebb-kurser/mvc/me/report/tests/Card/DeckTest.php" line="95" assertions="2" time="0.001049"/>
        <testcase name="testGetCardsForPlayer" class="App\Classes\Card\DeckTest" classname="App.Classes.Card.DeckTest" file="/Users/frida/Kod/BTH/dbwebb-kurser/mvc/me/report/tests/Card/DeckTest.php" line="109" assertions="2" time="0.000967"/>
        <testcase name="testGetJson" class="App\Classes\Card\DeckTest" classname="App.Classes.Card.DeckTest" file="/Users/frida/Kod/BTH/dbwebb-kurser/mvc/me/report/tests/Card/DeckTest.php" line="123" assertions="3" time="0.002195"/>
      </testsuite>
      <testsuite name="App\Classes\Dice\DiceGraphicTest" file="/Users/frida/Kod/BTH/dbwebb-kurser/mvc/me/report/tests/Dice/DiceGraphicTest.php" tests="1" assertions="2" errors="0" warnings="0" failures="0" skipped="0" time="0.002151">
        <testcase name="testCreateDiceGraphic" class="App\Classes\Dice\DiceGraphicTest" classname="App.Classes.Dice.DiceGraphicTest" file="/Users/frida/Kod/BTH/dbwebb-kurser/mvc/me/report/tests/Dice/DiceGraphicTest.php" line="16" assertions="2" time="0.002151"/>
      </testsuite>
      <testsuite name="App\Classes\Dice\DiceHandTest" file="/Users/frida/Kod/BTH/dbwebb-kurser/mvc/me/report/tests/Dice/DiceHandTest.php" tests="4" assertions="12" errors="0" warnings="0" failures="0" skipped="0" time="0.009528">
        <testcase name="testCreateDiceHand" class="App\Classes\Dice\DiceHandTest" classname="App.Classes.Dice.DiceHandTest" file="/Users/frida/Kod/BTH/dbwebb-kurser/mvc/me/report/tests/Dice/DiceHandTest.php" line="16" assertions="2" time="0.002067"/>
        <testcase name="testAddToHand" class="App\Classes\Dice\DiceHandTest" classname="App.Classes.Dice.DiceHandTest" file="/Users/frida/Kod/BTH/dbwebb-kurser/mvc/me/report/tests/Dice/DiceHandTest.php" line="28" assertions="2" time="0.000718"/>
        <testcase name="testRoll" class="App\Classes\Dice\DiceHandTest" classname="App.Classes.Dice.DiceHandTest" file="/Users/frida/Kod/BTH/dbwebb-kurser/mvc/me/report/tests/Dice/DiceHandTest.php" line="42" assertions="5" time="0.005372"/>
        <testcase name="testGetNumberDices" class="App\Classes\Dice\DiceHandTest" classname="App.Classes.Dice.DiceHandTest" file="/Users/frida/Kod/BTH/dbwebb-kurser/mvc/me/report/tests/Dice/DiceHandTest.php" line="58" assertions="3" time="0.001370"/>
      </testsuite>
      <testsuite name="App\Classes\Dice\DiceTest" file="/Users/frida/Kod/BTH/dbwebb-kurser/mvc/me/report/tests/Dice/DiceTest.php" tests="2" assertions="7" errors="0" warnings="0" failures="0" skipped="0" time="0.002365">
        <testcase name="testCreateDice" class="App\Classes\Dice\DiceTest" classname="App.Classes.Dice.DiceTest" file="/Users/frida/Kod/BTH/dbwebb-kurser/mvc/me/report/tests/Dice/DiceTest.php" line="16" assertions="2" time="0.001329"/>
        <testcase name="testRoll" class="App\Classes\Dice\DiceTest" classname="App.Classes.Dice.DiceTest" file="/Users/frida/Kod/BTH/dbwebb-kurser/mvc/me/report/tests/Dice/DiceTest.php" line="27" assertions="5" time="0.001036"/>
      </testsuite>
      <testsuite name="App\Classes\Game\BlackjackTest" file="/Users/frida/Kod/BTH/dbwebb-kurser/mvc/me/report/tests/Game/BlackjackTest.php" tests="9" assertions="26" errors="0" warnings="0" failures="0" skipped="0" time="0.020141">
        <testcase name="testCreateBlackjack" class="App\Classes\Game\BlackjackTest" classname="App.Classes.Game.BlackjackTest" file="/Users/frida/Kod/BTH/dbwebb-kurser/mvc/me/report/tests/Game/BlackjackTest.php" line="16" assertions="3" time="0.006975"/>
        <testcase name="testGetCurrentDeck" class="App\Classes\Game\BlackjackTest" classname="App.Classes.Game.BlackjackTest" file="/Users/frida/Kod/BTH/dbwebb-kurser/mvc/me/report/tests/Game/BlackjackTest.php" line="30" assertions="3" time="0.001207"/>
        <testcase name="testReset" class="App\Classes\Game\BlackjackTest" classname="App.Classes.Game.BlackjackTest" file="/Users/frida/Kod/BTH/dbwebb-kurser/mvc/me/report/tests/Game/BlackjackTest.php" line="43" assertions="8" time="0.001531"/>
        <testcase name="testBlackjackScoresUnder21" class="App\Classes\Game\BlackjackTest" classname="App.Classes.Game.BlackjackTest" file="/Users/frida/Kod/BTH/dbwebb-kurser/mvc/me/report/tests/Game/BlackjackTest.php" line="77" assertions="2" time="0.001511"/>
        <testcase name="testBlackjackScoreOver21PlayerOver21" class="App\Classes\Game\BlackjackTest" classname="App.Classes.Game.BlackjackTest" file="/Users/frida/Kod/BTH/dbwebb-kurser/mvc/me/report/tests/Game/BlackjackTest.php" line="97" assertions="2" time="0.001441"/>
        <testcase name="testBlackjackScoreOver21Dealer21" class="App\Classes\Game\BlackjackTest" classname="App.Classes.Game.BlackjackTest" file="/Users/frida/Kod/BTH/dbwebb-kurser/mvc/me/report/tests/Game/BlackjackTest.php" line="117" assertions="2" time="0.001794"/>
        <testcase name="testBlackjackScoreOver21Player21" class="App\Classes\Game\BlackjackTest" classname="App.Classes.Game.BlackjackTest" file="/Users/frida/Kod/BTH/dbwebb-kurser/mvc/me/report/tests/Game/BlackjackTest.php" line="137" assertions="2" time="0.002676"/>
        <testcase name="testBlackjackScoreOver21Dealer" class="App\Classes\Game\BlackjackTest" classname="App.Classes.Game.BlackjackTest" file="/Users/frida/Kod/BTH/dbwebb-kurser/mvc/me/report/tests/Game/BlackjackTest.php" line="158" assertions="2" time="0.001561"/>
        <testcase name="testBlackjackEqualScoreOver21" class="App\Classes\Game\BlackjackTest" classname="App.Classes.Game.BlackjackTest" file="/Users/frida/Kod/BTH/dbwebb-kurser/mvc/me/report/tests/Game/BlackjackTest.php" line="179" assertions="2" time="0.001445"/>
      </testsuite>
      <testsuite name="App\Classes\Game\PlayerTest" file="/Users/frida/Kod/BTH/dbwebb-kurser/mvc/me/report/tests/Game/PlayerTest.php" tests="7" assertions="14" errors="0" warnings="0" failures="0" skipped="0" time="0.008206">
        <testcase name="testSetCurrentCardHand" class="App\Classes\Game\PlayerTest" classname="App.Classes.Game.PlayerTest" file="/Users/frida/Kod/BTH/dbwebb-kurser/mvc/me/report/tests/Game/PlayerTest.php" line="18" assertions="2" time="0.000711"/>
        <testcase name="testSCalculateCardHand" class="App\Classes\Game\PlayerTest" classname="App.Classes.Game.PlayerTest" file="/Users/frida/Kod/BTH/dbwebb-kurser/mvc/me/report/tests/Game/PlayerTest.php" line="30" assertions="2" time="0.001054"/>
        <testcase name="testGetPlayer" class="App\Classes\Game\PlayerTest" classname="App.Classes.Game.PlayerTest" file="/Users/frida/Kod/BTH/dbwebb-kurser/mvc/me/report/tests/Game/PlayerTest.php" line="44" assertions="2" time="0.001239"/>
        <testcase name="testSetPlayer" class="App\Classes\Game\PlayerTest" classname="App.Classes.Game.PlayerTest" file="/Users/frida/Kod/BTH/dbwebb-kurser/mvc/me/report/tests/Game/PlayerTest.php" line="55" assertions="2" time="0.001006"/>
        <testcase name="testIsActive" class="App\Classes\Game\PlayerTest" classname="App.Classes.Game.PlayerTest" file="/Users/frida/Kod/BTH/dbwebb-kurser/mvc/me/report/tests/Game/PlayerTest.php" line="67" assertions="2" time="0.001733"/>
        <testcase name="testDraw" class="App\Classes\Game\PlayerTest" classname="App.Classes.Game.PlayerTest" file="/Users/frida/Kod/BTH/dbwebb-kurser/mvc/me/report/tests/Game/PlayerTest.php" line="78" assertions="2" time="0.001054"/>
        <testcase name="testStop" class="App\Classes\Game\PlayerTest" classname="App.Classes.Game.PlayerTest" file="/Users/frida/Kod/BTH/dbwebb-kurser/mvc/me/report/tests/Game/PlayerTest.php" line="91" assertions="2" time="0.001409"/>
      </testsuite>
      <testsuite name="App\Controller\LibraryControllerTest" file="/Users/frida/Kod/BTH/dbwebb-kurser/mvc/me/report/tests/LibraryControllerTest.php" tests="2" assertions="2" errors="0" warnings="0" failures="0" skipped="0" time="1.356506">
        <testcase name="testIndex" class="App\Controller\LibraryControllerTest" classname="App.Controller.LibraryControllerTest" file="/Users/frida/Kod/BTH/dbwebb-kurser/mvc/me/report/tests/LibraryControllerTest.php" line="18" assertions="1" time="1.041702"/>
        <testcase name="testShowAllBooks" class="App\Controller\LibraryControllerTest" classname="App.Controller.LibraryControllerTest" file="/Users/frida/Kod/BTH/dbwebb-kurser/mvc/me/report/tests/LibraryControllerTest.php" line="28" assertions="1" time="0.314804"/>
      </testsuite>
      <testsuite name="App\Repository\BookRepositoryTest" file="/Users/frida/Kod/BTH/dbwebb-kurser/mvc/me/report/tests/Repository/BookRepositoryTest.php" tests="2" assertions="3" errors="0" warnings="0" failures="0" skipped="0" time="0.033998">
        <testcase name="testAdd" class="App\Repository\BookRepositoryTest" classname="App.Repository.BookRepositoryTest" file="/Users/frida/Kod/BTH/dbwebb-kurser/mvc/me/report/tests/Repository/BookRepositoryTest.php" line="25" assertions="2" time="0.028075"/>
        <testcase name="testRemove" class="App\Repository\BookRepositoryTest" classname="App.Repository.BookRepositoryTest" file="/Users/frida/Kod/BTH/dbwebb-kurser/mvc/me/report/tests/Repository/BookRepositoryTest.php" line="38" assertions="1" time="0.005923"/>
      </testsuite>
    </testsuite>
  </testsuite>
</testsuites>
