<?xml version="1.0" encoding="UTF-8"?>
<testsuites>
  <testsuite name="" tests="56" assertions="132" errors="0" warnings="0" failures="0" skipped="0" time="1.535392">
    <testsuite name="Project Test Suite" tests="56" assertions="132" errors="0" warnings="0" failures="0" skipped="0" time="1.535392">
      <testsuite name="App\Classes\Card\CardTest" file="/Users/frida/Kod/BTH/dbwebb-kurser/mvc/me/report/tests/Card/CardTest.php" tests="4" assertions="8" errors="0" warnings="0" failures="0" skipped="0" time="0.028456">
        <testcase name="testCreateCard" class="App\Classes\Card\CardTest" classname="App.Classes.Card.CardTest" file="/Users/frida/Kod/BTH/dbwebb-kurser/mvc/me/report/tests/Card/CardTest.php" line="15" assertions="2" time="0.025196"/>
        <testcase name="testCreateCardVerifyValue" class="App\Classes\Card\CardTest" classname="App.Classes.Card.CardTest" file="/Users/frida/Kod/BTH/dbwebb-kurser/mvc/me/report/tests/Card/CardTest.php" line="27" assertions="2" time="0.002006"/>
        <testcase name="testCreateCardVerifySuit" class="App\Classes\Card\CardTest" classname="App.Classes.Card.CardTest" file="/Users/frida/Kod/BTH/dbwebb-kurser/mvc/me/report/tests/Card/CardTest.php" line="38" assertions="2" time="0.000622"/>
        <testcase name="testCreateCardVerifyValueAsString" class="App\Classes\Card\CardTest" classname="App.Classes.Card.CardTest" file="/Users/frida/Kod/BTH/dbwebb-kurser/mvc/me/report/tests/Card/CardTest.php" line="50" assertions="2" time="0.000632"/>
      </testsuite>
      <testsuite name="App\Classes\Card\Deck2Test" file="/Users/frida/Kod/BTH/dbwebb-kurser/mvc/me/report/tests/Card/Deck2Test.php" tests="1" assertions="3" errors="0" warnings="0" failures="0" skipped="0" time="0.005244">
        <testcase name="testCreateDeck2" class="App\Classes\Card\Deck2Test" classname="App.Classes.Card.Deck2Test" file="/Users/frida/Kod/BTH/dbwebb-kurser/mvc/me/report/tests/Card/Deck2Test.php" line="16" assertions="3" time="0.005244"/>
      </testsuite>
      <testsuite name="App\Classes\Card\DeckTest" file="/Users/frida/Kod/BTH/dbwebb-kurser/mvc/me/report/tests/Card/DeckTest.php" tests="9" assertions="20" errors="0" warnings="0" failures="0" skipped="0" time="0.060979">
        <testcase name="testCreateDeck" class="App\Classes\Card\DeckTest" classname="App.Classes.Card.DeckTest" file="/Users/frida/Kod/BTH/dbwebb-kurser/mvc/me/report/tests/Card/DeckTest.php" line="15" assertions="2" time="0.002068"/>
        <testcase name="testGetDeck" class="App\Classes\Card\DeckTest" classname="App.Classes.Card.DeckTest" file="/Users/frida/Kod/BTH/dbwebb-kurser/mvc/me/report/tests/Card/DeckTest.php" line="27" assertions="2" time="0.002243"/>
        <testcase name="testSetDeck" class="App\Classes\Card\DeckTest" classname="App.Classes.Card.DeckTest" file="/Users/frida/Kod/BTH/dbwebb-kurser/mvc/me/report/tests/Card/DeckTest.php" line="39" assertions="2" time="0.001504"/>
        <testcase name="testGetCardHand" class="App\Classes\Card\DeckTest" classname="App.Classes.Card.DeckTest" file="/Users/frida/Kod/BTH/dbwebb-kurser/mvc/me/report/tests/Card/DeckTest.php" line="53" assertions="2" time="0.001014"/>
        <testcase name="testSetCardHand" class="App\Classes\Card\DeckTest" classname="App.Classes.Card.DeckTest" file="/Users/frida/Kod/BTH/dbwebb-kurser/mvc/me/report/tests/Card/DeckTest.php" line="65" assertions="2" time="0.000991"/>
        <testcase name="testShuffleDeck" class="App\Classes\Card\DeckTest" classname="App.Classes.Card.DeckTest" file="/Users/frida/Kod/BTH/dbwebb-kurser/mvc/me/report/tests/Card/DeckTest.php" line="78" assertions="3" time="0.021922"/>
        <testcase name="testGetCards" class="App\Classes\Card\DeckTest" classname="App.Classes.Card.DeckTest" file="/Users/frida/Kod/BTH/dbwebb-kurser/mvc/me/report/tests/Card/DeckTest.php" line="95" assertions="2" time="0.002063"/>
        <testcase name="testGetCardsForPlayer" class="App\Classes\Card\DeckTest" classname="App.Classes.Card.DeckTest" file="/Users/frida/Kod/BTH/dbwebb-kurser/mvc/me/report/tests/Card/DeckTest.php" line="109" assertions="2" time="0.007865"/>
        <testcase name="testGetJson" class="App\Classes\Card\DeckTest" classname="App.Classes.Card.DeckTest" file="/Users/frida/Kod/BTH/dbwebb-kurser/mvc/me/report/tests/Card/DeckTest.php" line="123" assertions="3" time="0.021309"/>
      </testsuite>
      <testsuite name="App\Classes\Dice\DiceGraphicTest" file="/Users/frida/Kod/BTH/dbwebb-kurser/mvc/me/report/tests/Dice/DiceGraphicTest.php" tests="1" assertions="2" errors="0" warnings="0" failures="0" skipped="0" time="0.007433">
        <testcase name="testCreateDiceGraphic" class="App\Classes\Dice\DiceGraphicTest" classname="App.Classes.Dice.DiceGraphicTest" file="/Users/frida/Kod/BTH/dbwebb-kurser/mvc/me/report/tests/Dice/DiceGraphicTest.php" line="16" assertions="2" time="0.007433"/>
      </testsuite>
      <testsuite name="App\Classes\Dice\DiceHandTest" file="/Users/frida/Kod/BTH/dbwebb-kurser/mvc/me/report/tests/Dice/DiceHandTest.php" tests="4" assertions="12" errors="0" warnings="0" failures="0" skipped="0" time="0.019978">
        <testcase name="testCreateDiceHand" class="App\Classes\Dice\DiceHandTest" classname="App.Classes.Dice.DiceHandTest" file="/Users/frida/Kod/BTH/dbwebb-kurser/mvc/me/report/tests/Dice/DiceHandTest.php" line="16" assertions="2" time="0.002231"/>
        <testcase name="testAddToHand" class="App\Classes\Dice\DiceHandTest" classname="App.Classes.Dice.DiceHandTest" file="/Users/frida/Kod/BTH/dbwebb-kurser/mvc/me/report/tests/Dice/DiceHandTest.php" line="28" assertions="2" time="0.002017"/>
        <testcase name="testRoll" class="App\Classes\Dice\DiceHandTest" classname="App.Classes.Dice.DiceHandTest" file="/Users/frida/Kod/BTH/dbwebb-kurser/mvc/me/report/tests/Dice/DiceHandTest.php" line="42" assertions="5" time="0.010484"/>
        <testcase name="testGetNumberDices" class="App\Classes\Dice\DiceHandTest" classname="App.Classes.Dice.DiceHandTest" file="/Users/frida/Kod/BTH/dbwebb-kurser/mvc/me/report/tests/Dice/DiceHandTest.php" line="58" assertions="3" time="0.005246"/>
      </testsuite>
      <testsuite name="App\Classes\Dice\DiceTest" file="/Users/frida/Kod/BTH/dbwebb-kurser/mvc/me/report/tests/Dice/DiceTest.php" tests="2" assertions="7" errors="0" warnings="0" failures="0" skipped="0" time="0.002242">
        <testcase name="testCreateDice" class="App\Classes\Dice\DiceTest" classname="App.Classes.Dice.DiceTest" file="/Users/frida/Kod/BTH/dbwebb-kurser/mvc/me/report/tests/Dice/DiceTest.php" line="16" assertions="2" time="0.000741"/>
        <testcase name="testRoll" class="App\Classes\Dice\DiceTest" classname="App.Classes.Dice.DiceTest" file="/Users/frida/Kod/BTH/dbwebb-kurser/mvc/me/report/tests/Dice/DiceTest.php" line="27" assertions="5" time="0.001502"/>
      </testsuite>
      <testsuite name="App\Entity\MismanagedPlasticTest" file="/Users/frida/Kod/BTH/dbwebb-kurser/mvc/me/report/tests/Entity/MismanagedPlasticTest.php" tests="7" assertions="20" errors="0" warnings="0" failures="0" skipped="0" time="0.680555">
        <testcase name="testGetMprId" class="App\Entity\MismanagedPlasticTest" classname="App.Entity.MismanagedPlasticTest" file="/Users/frida/Kod/BTH/dbwebb-kurser/mvc/me/report/tests/Entity/MismanagedPlasticTest.php" line="39" assertions="3" time="0.656017"/>
        <testcase name="testGetCountry" class="App\Entity\MismanagedPlasticTest" classname="App.Entity.MismanagedPlasticTest" file="/Users/frida/Kod/BTH/dbwebb-kurser/mvc/me/report/tests/Entity/MismanagedPlasticTest.php" line="52" assertions="3" time="0.003796"/>
        <testcase name="testSetCountry" class="App\Entity\MismanagedPlasticTest" classname="App.Entity.MismanagedPlasticTest" file="/Users/frida/Kod/BTH/dbwebb-kurser/mvc/me/report/tests/Entity/MismanagedPlasticTest.php" line="64" assertions="2" time="0.003770"/>
        <testcase name="testGetYear" class="App\Entity\MismanagedPlasticTest" classname="App.Entity.MismanagedPlasticTest" file="/Users/frida/Kod/BTH/dbwebb-kurser/mvc/me/report/tests/Entity/MismanagedPlasticTest.php" line="75" assertions="3" time="0.003760"/>
        <testcase name="testSetYear" class="App\Entity\MismanagedPlasticTest" classname="App.Entity.MismanagedPlasticTest" file="/Users/frida/Kod/BTH/dbwebb-kurser/mvc/me/report/tests/Entity/MismanagedPlasticTest.php" line="87" assertions="3" time="0.004484"/>
        <testcase name="testGetProbabilityOfPlasticBeingEmittedToOcean" class="App\Entity\MismanagedPlasticTest" classname="App.Entity.MismanagedPlasticTest" file="/Users/frida/Kod/BTH/dbwebb-kurser/mvc/me/report/tests/Entity/MismanagedPlasticTest.php" line="100" assertions="3" time="0.003932"/>
        <testcase name="testSetProbabilityOfPlasticBeingEmittedToOcean" class="App\Entity\MismanagedPlasticTest" classname="App.Entity.MismanagedPlasticTest" file="/Users/frida/Kod/BTH/dbwebb-kurser/mvc/me/report/tests/Entity/MismanagedPlasticTest.php" line="112" assertions="3" time="0.004796"/>
      </testsuite>
      <testsuite name="App\Entity\PlasticLifetimeTest" file="/Users/frida/Kod/BTH/dbwebb-kurser/mvc/me/report/tests/Entity/PlasticLifetimeTest.php" tests="3" assertions="8" errors="0" warnings="0" failures="0" skipped="0" time="0.014106">
        <testcase name="testGetId" class="App\Entity\PlasticLifetimeTest" classname="App.Entity.PlasticLifetimeTest" file="/Users/frida/Kod/BTH/dbwebb-kurser/mvc/me/report/tests/Entity/PlasticLifetimeTest.php" line="41" assertions="3" time="0.006545"/>
        <testcase name="testGetSector" class="App\Entity\PlasticLifetimeTest" classname="App.Entity.PlasticLifetimeTest" file="/Users/frida/Kod/BTH/dbwebb-kurser/mvc/me/report/tests/Entity/PlasticLifetimeTest.php" line="53" assertions="3" time="0.003865"/>
        <testcase name="testSetSector" class="App\Entity\PlasticLifetimeTest" classname="App.Entity.PlasticLifetimeTest" file="/Users/frida/Kod/BTH/dbwebb-kurser/mvc/me/report/tests/Entity/PlasticLifetimeTest.php" line="63" assertions="2" time="0.003696"/>
      </testsuite>
      <testsuite name="App\Classes\Game\BlackjackTest" file="/Users/frida/Kod/BTH/dbwebb-kurser/mvc/me/report/tests/Game/BlackjackTest.php" tests="9" assertions="26" errors="0" warnings="0" failures="0" skipped="0" time="0.027556">
        <testcase name="testCreateBlackjack" class="App\Classes\Game\BlackjackTest" classname="App.Classes.Game.BlackjackTest" file="/Users/frida/Kod/BTH/dbwebb-kurser/mvc/me/report/tests/Game/BlackjackTest.php" line="16" assertions="3" time="0.008048"/>
        <testcase name="testGetCurrentDeck" class="App\Classes\Game\BlackjackTest" classname="App.Classes.Game.BlackjackTest" file="/Users/frida/Kod/BTH/dbwebb-kurser/mvc/me/report/tests/Game/BlackjackTest.php" line="30" assertions="3" time="0.001972"/>
        <testcase name="testReset" class="App\Classes\Game\BlackjackTest" classname="App.Classes.Game.BlackjackTest" file="/Users/frida/Kod/BTH/dbwebb-kurser/mvc/me/report/tests/Game/BlackjackTest.php" line="43" assertions="8" time="0.003020"/>
        <testcase name="testBlackjackScoresUnder21" class="App\Classes\Game\BlackjackTest" classname="App.Classes.Game.BlackjackTest" file="/Users/frida/Kod/BTH/dbwebb-kurser/mvc/me/report/tests/Game/BlackjackTest.php" line="77" assertions="2" time="0.002870"/>
        <testcase name="testBlackjackScoreOver21PlayerOver21" class="App\Classes\Game\BlackjackTest" classname="App.Classes.Game.BlackjackTest" file="/Users/frida/Kod/BTH/dbwebb-kurser/mvc/me/report/tests/Game/BlackjackTest.php" line="97" assertions="2" time="0.003369"/>
        <testcase name="testBlackjackScoreOver21Dealer21" class="App\Classes\Game\BlackjackTest" classname="App.Classes.Game.BlackjackTest" file="/Users/frida/Kod/BTH/dbwebb-kurser/mvc/me/report/tests/Game/BlackjackTest.php" line="117" assertions="2" time="0.001577"/>
        <testcase name="testBlackjackScoreOver21Player21" class="App\Classes\Game\BlackjackTest" classname="App.Classes.Game.BlackjackTest" file="/Users/frida/Kod/BTH/dbwebb-kurser/mvc/me/report/tests/Game/BlackjackTest.php" line="137" assertions="2" time="0.002456"/>
        <testcase name="testBlackjackScoreOver21Dealer" class="App\Classes\Game\BlackjackTest" classname="App.Classes.Game.BlackjackTest" file="/Users/frida/Kod/BTH/dbwebb-kurser/mvc/me/report/tests/Game/BlackjackTest.php" line="158" assertions="2" time="0.001579"/>
        <testcase name="testBlackjackEqualScoreOver21" class="App\Classes\Game\BlackjackTest" classname="App.Classes.Game.BlackjackTest" file="/Users/frida/Kod/BTH/dbwebb-kurser/mvc/me/report/tests/Game/BlackjackTest.php" line="179" assertions="2" time="0.002664"/>
      </testsuite>
      <testsuite name="App\Classes\Game\PlayerTest" file="/Users/frida/Kod/BTH/dbwebb-kurser/mvc/me/report/tests/Game/PlayerTest.php" tests="7" assertions="14" errors="0" warnings="0" failures="0" skipped="0" time="0.008604">
        <testcase name="testSetCurrentCardHand" class="App\Classes\Game\PlayerTest" classname="App.Classes.Game.PlayerTest" file="/Users/frida/Kod/BTH/dbwebb-kurser/mvc/me/report/tests/Game/PlayerTest.php" line="18" assertions="2" time="0.000769"/>
        <testcase name="testSCalculateCardHand" class="App\Classes\Game\PlayerTest" classname="App.Classes.Game.PlayerTest" file="/Users/frida/Kod/BTH/dbwebb-kurser/mvc/me/report/tests/Game/PlayerTest.php" line="30" assertions="2" time="0.000828"/>
        <testcase name="testGetPlayer" class="App\Classes\Game\PlayerTest" classname="App.Classes.Game.PlayerTest" file="/Users/frida/Kod/BTH/dbwebb-kurser/mvc/me/report/tests/Game/PlayerTest.php" line="44" assertions="2" time="0.001285"/>
        <testcase name="testSetPlayer" class="App\Classes\Game\PlayerTest" classname="App.Classes.Game.PlayerTest" file="/Users/frida/Kod/BTH/dbwebb-kurser/mvc/me/report/tests/Game/PlayerTest.php" line="55" assertions="2" time="0.000806"/>
        <testcase name="testIsActive" class="App\Classes\Game\PlayerTest" classname="App.Classes.Game.PlayerTest" file="/Users/frida/Kod/BTH/dbwebb-kurser/mvc/me/report/tests/Game/PlayerTest.php" line="67" assertions="2" time="0.002181"/>
        <testcase name="testDraw" class="App\Classes\Game\PlayerTest" classname="App.Classes.Game.PlayerTest" file="/Users/frida/Kod/BTH/dbwebb-kurser/mvc/me/report/tests/Game/PlayerTest.php" line="78" assertions="2" time="0.001225"/>
        <testcase name="testStop" class="App\Classes\Game\PlayerTest" classname="App.Classes.Game.PlayerTest" file="/Users/frida/Kod/BTH/dbwebb-kurser/mvc/me/report/tests/Game/PlayerTest.php" line="91" assertions="2" time="0.001511"/>
      </testsuite>
      <testsuite name="App\Controller\LibraryControllerTest" file="/Users/frida/Kod/BTH/dbwebb-kurser/mvc/me/report/tests/LibraryControllerTest.php" tests="7" assertions="9" errors="0" warnings="0" failures="0" skipped="0" time="0.624407">
        <testcase name="testIndex" class="App\Controller\LibraryControllerTest" classname="App.Controller.LibraryControllerTest" file="/Users/frida/Kod/BTH/dbwebb-kurser/mvc/me/report/tests/LibraryControllerTest.php" line="57" assertions="1" time="0.210254"/>
        <testcase name="testShowAllBooks" class="App\Controller\LibraryControllerTest" classname="App.Controller.LibraryControllerTest" file="/Users/frida/Kod/BTH/dbwebb-kurser/mvc/me/report/tests/LibraryControllerTest.php" line="66" assertions="1" time="0.056084"/>
        <testcase name="testShowBookById" class="App\Controller\LibraryControllerTest" classname="App.Controller.LibraryControllerTest" file="/Users/frida/Kod/BTH/dbwebb-kurser/mvc/me/report/tests/LibraryControllerTest.php" line="75" assertions="1" time="0.023984"/>
        <testcase name="testCreateBookForm" class="App\Controller\LibraryControllerTest" classname="App.Controller.LibraryControllerTest" file="/Users/frida/Kod/BTH/dbwebb-kurser/mvc/me/report/tests/LibraryControllerTest.php" line="86" assertions="1" time="0.029129"/>
        <testcase name="testUpdateBookForm" class="App\Controller\LibraryControllerTest" classname="App.Controller.LibraryControllerTest" file="/Users/frida/Kod/BTH/dbwebb-kurser/mvc/me/report/tests/LibraryControllerTest.php" line="138" assertions="1" time="0.049904"/>
        <testcase name="testExceptionUpdateBookForm" class="App\Controller\LibraryControllerTest" classname="App.Controller.LibraryControllerTest" file="/Users/frida/Kod/BTH/dbwebb-kurser/mvc/me/report/tests/LibraryControllerTest.php" line="150" assertions="2" time="0.219092"/>
        <testcase name="testExceptionDeleteBookById" class="App\Controller\LibraryControllerTest" classname="App.Controller.LibraryControllerTest" file="/Users/frida/Kod/BTH/dbwebb-kurser/mvc/me/report/tests/LibraryControllerTest.php" line="165" assertions="2" time="0.035959"/>
      </testsuite>
      <testsuite name="App\Repository\BookRepositoryTest" file="/Users/frida/Kod/BTH/dbwebb-kurser/mvc/me/report/tests/Repository/BookRepositoryTest.php" tests="2" assertions="3" errors="0" warnings="0" failures="0" skipped="0" time="0.055833">
        <testcase name="testAdd" class="App\Repository\BookRepositoryTest" classname="App.Repository.BookRepositoryTest" file="/Users/frida/Kod/BTH/dbwebb-kurser/mvc/me/report/tests/Repository/BookRepositoryTest.php" line="30" assertions="2" time="0.032024"/>
        <testcase name="testRemove" class="App\Repository\BookRepositoryTest" classname="App.Repository.BookRepositoryTest" file="/Users/frida/Kod/BTH/dbwebb-kurser/mvc/me/report/tests/Repository/BookRepositoryTest.php" line="43" assertions="1" time="0.023809"/>
      </testsuite>
    </testsuite>
  </testsuite>
</testsuites>
