<?xml version="1.0" encoding="UTF-8"?>
<testsuites>
  <testsuite name="" tests="57" assertions="134" errors="0" warnings="0" failures="0" skipped="0" time="2.991125">
    <testsuite name="Project Test Suite" tests="57" assertions="134" errors="0" warnings="0" failures="0" skipped="0" time="2.991125">
      <testsuite name="App\Classes\Card\CardTest" file="/Users/frida/Kod/BTH/dbwebb-kurser/mvc/me/report/tests/Card/CardTest.php" tests="4" assertions="8" errors="0" warnings="0" failures="0" skipped="0" time="0.041069">
        <testcase name="testCreateCard" class="App\Classes\Card\CardTest" classname="App.Classes.Card.CardTest" file="/Users/frida/Kod/BTH/dbwebb-kurser/mvc/me/report/tests/Card/CardTest.php" line="15" assertions="2" time="0.037813"/>
        <testcase name="testCreateCardVerifyValue" class="App\Classes\Card\CardTest" classname="App.Classes.Card.CardTest" file="/Users/frida/Kod/BTH/dbwebb-kurser/mvc/me/report/tests/Card/CardTest.php" line="27" assertions="2" time="0.001973"/>
        <testcase name="testCreateCardVerifySuit" class="App\Classes\Card\CardTest" classname="App.Classes.Card.CardTest" file="/Users/frida/Kod/BTH/dbwebb-kurser/mvc/me/report/tests/Card/CardTest.php" line="38" assertions="2" time="0.000624"/>
        <testcase name="testCreateCardVerifyValueAsString" class="App\Classes\Card\CardTest" classname="App.Classes.Card.CardTest" file="/Users/frida/Kod/BTH/dbwebb-kurser/mvc/me/report/tests/Card/CardTest.php" line="50" assertions="2" time="0.000659"/>
      </testsuite>
      <testsuite name="App\Classes\Card\Deck2Test" file="/Users/frida/Kod/BTH/dbwebb-kurser/mvc/me/report/tests/Card/Deck2Test.php" tests="1" assertions="3" errors="0" warnings="0" failures="0" skipped="0" time="0.038878">
        <testcase name="testCreateDeck2" class="App\Classes\Card\Deck2Test" classname="App.Classes.Card.Deck2Test" file="/Users/frida/Kod/BTH/dbwebb-kurser/mvc/me/report/tests/Card/Deck2Test.php" line="16" assertions="3" time="0.038878"/>
      </testsuite>
      <testsuite name="App\Classes\Card\DeckTest" file="/Users/frida/Kod/BTH/dbwebb-kurser/mvc/me/report/tests/Card/DeckTest.php" tests="9" assertions="20" errors="0" warnings="0" failures="0" skipped="0" time="0.036051">
        <testcase name="testCreateDeck" class="App\Classes\Card\DeckTest" classname="App.Classes.Card.DeckTest" file="/Users/frida/Kod/BTH/dbwebb-kurser/mvc/me/report/tests/Card/DeckTest.php" line="15" assertions="2" time="0.002231"/>
        <testcase name="testGetDeck" class="App\Classes\Card\DeckTest" classname="App.Classes.Card.DeckTest" file="/Users/frida/Kod/BTH/dbwebb-kurser/mvc/me/report/tests/Card/DeckTest.php" line="27" assertions="2" time="0.002535"/>
        <testcase name="testSetDeck" class="App\Classes\Card\DeckTest" classname="App.Classes.Card.DeckTest" file="/Users/frida/Kod/BTH/dbwebb-kurser/mvc/me/report/tests/Card/DeckTest.php" line="39" assertions="2" time="0.001123"/>
        <testcase name="testGetCardHand" class="App\Classes\Card\DeckTest" classname="App.Classes.Card.DeckTest" file="/Users/frida/Kod/BTH/dbwebb-kurser/mvc/me/report/tests/Card/DeckTest.php" line="53" assertions="2" time="0.001527"/>
        <testcase name="testSetCardHand" class="App\Classes\Card\DeckTest" classname="App.Classes.Card.DeckTest" file="/Users/frida/Kod/BTH/dbwebb-kurser/mvc/me/report/tests/Card/DeckTest.php" line="65" assertions="2" time="0.001030"/>
        <testcase name="testShuffleDeck" class="App\Classes\Card\DeckTest" classname="App.Classes.Card.DeckTest" file="/Users/frida/Kod/BTH/dbwebb-kurser/mvc/me/report/tests/Card/DeckTest.php" line="78" assertions="3" time="0.022369"/>
        <testcase name="testGetCards" class="App\Classes\Card\DeckTest" classname="App.Classes.Card.DeckTest" file="/Users/frida/Kod/BTH/dbwebb-kurser/mvc/me/report/tests/Card/DeckTest.php" line="95" assertions="2" time="0.001723"/>
        <testcase name="testGetCardsForPlayer" class="App\Classes\Card\DeckTest" classname="App.Classes.Card.DeckTest" file="/Users/frida/Kod/BTH/dbwebb-kurser/mvc/me/report/tests/Card/DeckTest.php" line="109" assertions="2" time="0.001203"/>
        <testcase name="testGetJson" class="App\Classes\Card\DeckTest" classname="App.Classes.Card.DeckTest" file="/Users/frida/Kod/BTH/dbwebb-kurser/mvc/me/report/tests/Card/DeckTest.php" line="123" assertions="3" time="0.002310"/>
      </testsuite>
      <testsuite name="App\Classes\Dice\DiceGraphicTest" file="/Users/frida/Kod/BTH/dbwebb-kurser/mvc/me/report/tests/Dice/DiceGraphicTest.php" tests="1" assertions="2" errors="0" warnings="0" failures="0" skipped="0" time="0.003866">
        <testcase name="testCreateDiceGraphic" class="App\Classes\Dice\DiceGraphicTest" classname="App.Classes.Dice.DiceGraphicTest" file="/Users/frida/Kod/BTH/dbwebb-kurser/mvc/me/report/tests/Dice/DiceGraphicTest.php" line="16" assertions="2" time="0.003866"/>
      </testsuite>
      <testsuite name="App\Classes\Dice\DiceHandTest" file="/Users/frida/Kod/BTH/dbwebb-kurser/mvc/me/report/tests/Dice/DiceHandTest.php" tests="4" assertions="12" errors="0" warnings="0" failures="0" skipped="0" time="0.010527">
        <testcase name="testCreateDiceHand" class="App\Classes\Dice\DiceHandTest" classname="App.Classes.Dice.DiceHandTest" file="/Users/frida/Kod/BTH/dbwebb-kurser/mvc/me/report/tests/Dice/DiceHandTest.php" line="16" assertions="2" time="0.002939"/>
        <testcase name="testAddToHand" class="App\Classes\Dice\DiceHandTest" classname="App.Classes.Dice.DiceHandTest" file="/Users/frida/Kod/BTH/dbwebb-kurser/mvc/me/report/tests/Dice/DiceHandTest.php" line="28" assertions="2" time="0.000742"/>
        <testcase name="testRoll" class="App\Classes\Dice\DiceHandTest" classname="App.Classes.Dice.DiceHandTest" file="/Users/frida/Kod/BTH/dbwebb-kurser/mvc/me/report/tests/Dice/DiceHandTest.php" line="42" assertions="5" time="0.005749"/>
        <testcase name="testGetNumberDices" class="App\Classes\Dice\DiceHandTest" classname="App.Classes.Dice.DiceHandTest" file="/Users/frida/Kod/BTH/dbwebb-kurser/mvc/me/report/tests/Dice/DiceHandTest.php" line="58" assertions="3" time="0.001098"/>
      </testsuite>
      <testsuite name="App\Classes\Dice\DiceTest" file="/Users/frida/Kod/BTH/dbwebb-kurser/mvc/me/report/tests/Dice/DiceTest.php" tests="2" assertions="7" errors="0" warnings="0" failures="0" skipped="0" time="0.003615">
        <testcase name="testCreateDice" class="App\Classes\Dice\DiceTest" classname="App.Classes.Dice.DiceTest" file="/Users/frida/Kod/BTH/dbwebb-kurser/mvc/me/report/tests/Dice/DiceTest.php" line="16" assertions="2" time="0.001661"/>
        <testcase name="testRoll" class="App\Classes\Dice\DiceTest" classname="App.Classes.Dice.DiceTest" file="/Users/frida/Kod/BTH/dbwebb-kurser/mvc/me/report/tests/Dice/DiceTest.php" line="27" assertions="5" time="0.001954"/>
      </testsuite>
      <testsuite name="App\Entity\MismanagedPlasticTest" file="/Users/frida/Kod/BTH/dbwebb-kurser/mvc/me/report/tests/Entity/MismanagedPlasticTest.php" tests="7" assertions="20" errors="0" warnings="0" failures="0" skipped="0" time="1.487479">
        <testcase name="testGetId" class="App\Entity\MismanagedPlasticTest" classname="App.Entity.MismanagedPlasticTest" file="/Users/frida/Kod/BTH/dbwebb-kurser/mvc/me/report/tests/Entity/MismanagedPlasticTest.php" line="39" assertions="3" time="1.457557"/>
        <testcase name="testGetCountry" class="App\Entity\MismanagedPlasticTest" classname="App.Entity.MismanagedPlasticTest" file="/Users/frida/Kod/BTH/dbwebb-kurser/mvc/me/report/tests/Entity/MismanagedPlasticTest.php" line="52" assertions="3" time="0.005128"/>
        <testcase name="testSetCountry" class="App\Entity\MismanagedPlasticTest" classname="App.Entity.MismanagedPlasticTest" file="/Users/frida/Kod/BTH/dbwebb-kurser/mvc/me/report/tests/Entity/MismanagedPlasticTest.php" line="64" assertions="2" time="0.004242"/>
        <testcase name="testGetYear" class="App\Entity\MismanagedPlasticTest" classname="App.Entity.MismanagedPlasticTest" file="/Users/frida/Kod/BTH/dbwebb-kurser/mvc/me/report/tests/Entity/MismanagedPlasticTest.php" line="75" assertions="3" time="0.006020"/>
        <testcase name="testSetYear" class="App\Entity\MismanagedPlasticTest" classname="App.Entity.MismanagedPlasticTest" file="/Users/frida/Kod/BTH/dbwebb-kurser/mvc/me/report/tests/Entity/MismanagedPlasticTest.php" line="87" assertions="3" time="0.004262"/>
        <testcase name="testGetProbabilityOfPlasticBeingEmittedToOcean" class="App\Entity\MismanagedPlasticTest" classname="App.Entity.MismanagedPlasticTest" file="/Users/frida/Kod/BTH/dbwebb-kurser/mvc/me/report/tests/Entity/MismanagedPlasticTest.php" line="100" assertions="3" time="0.006117"/>
        <testcase name="testSetProbabilityOfPlasticBeingEmittedToOcean" class="App\Entity\MismanagedPlasticTest" classname="App.Entity.MismanagedPlasticTest" file="/Users/frida/Kod/BTH/dbwebb-kurser/mvc/me/report/tests/Entity/MismanagedPlasticTest.php" line="112" assertions="3" time="0.004154"/>
      </testsuite>
      <testsuite name="App\Entity\PlasticLifetimeTest" file="/Users/frida/Kod/BTH/dbwebb-kurser/mvc/me/report/tests/Entity/PlasticLifetimeTest.php" tests="3" assertions="8" errors="0" warnings="0" failures="0" skipped="0" time="0.022394">
        <testcase name="testGetId" class="App\Entity\PlasticLifetimeTest" classname="App.Entity.PlasticLifetimeTest" file="/Users/frida/Kod/BTH/dbwebb-kurser/mvc/me/report/tests/Entity/PlasticLifetimeTest.php" line="42" assertions="3" time="0.014323"/>
        <testcase name="testGetSector" class="App\Entity\PlasticLifetimeTest" classname="App.Entity.PlasticLifetimeTest" file="/Users/frida/Kod/BTH/dbwebb-kurser/mvc/me/report/tests/Entity/PlasticLifetimeTest.php" line="54" assertions="3" time="0.003858"/>
        <testcase name="testSetSector" class="App\Entity\PlasticLifetimeTest" classname="App.Entity.PlasticLifetimeTest" file="/Users/frida/Kod/BTH/dbwebb-kurser/mvc/me/report/tests/Entity/PlasticLifetimeTest.php" line="64" assertions="2" time="0.004213"/>
      </testsuite>
      <testsuite name="App\Classes\Game\BlackjackTest" file="/Users/frida/Kod/BTH/dbwebb-kurser/mvc/me/report/tests/Game/BlackjackTest.php" tests="9" assertions="26" errors="0" warnings="0" failures="0" skipped="0" time="0.029481">
        <testcase name="testCreateBlackjack" class="App\Classes\Game\BlackjackTest" classname="App.Classes.Game.BlackjackTest" file="/Users/frida/Kod/BTH/dbwebb-kurser/mvc/me/report/tests/Game/BlackjackTest.php" line="16" assertions="3" time="0.015513"/>
        <testcase name="testGetCurrentDeck" class="App\Classes\Game\BlackjackTest" classname="App.Classes.Game.BlackjackTest" file="/Users/frida/Kod/BTH/dbwebb-kurser/mvc/me/report/tests/Game/BlackjackTest.php" line="30" assertions="3" time="0.001198"/>
        <testcase name="testReset" class="App\Classes\Game\BlackjackTest" classname="App.Classes.Game.BlackjackTest" file="/Users/frida/Kod/BTH/dbwebb-kurser/mvc/me/report/tests/Game/BlackjackTest.php" line="43" assertions="8" time="0.001633"/>
        <testcase name="testBlackjackScoresUnder21" class="App\Classes\Game\BlackjackTest" classname="App.Classes.Game.BlackjackTest" file="/Users/frida/Kod/BTH/dbwebb-kurser/mvc/me/report/tests/Game/BlackjackTest.php" line="77" assertions="2" time="0.001545"/>
        <testcase name="testBlackjackScoreOver21PlayerOver21" class="App\Classes\Game\BlackjackTest" classname="App.Classes.Game.BlackjackTest" file="/Users/frida/Kod/BTH/dbwebb-kurser/mvc/me/report/tests/Game/BlackjackTest.php" line="97" assertions="2" time="0.002665"/>
        <testcase name="testBlackjackScoreOver21Dealer21" class="App\Classes\Game\BlackjackTest" classname="App.Classes.Game.BlackjackTest" file="/Users/frida/Kod/BTH/dbwebb-kurser/mvc/me/report/tests/Game/BlackjackTest.php" line="117" assertions="2" time="0.001602"/>
        <testcase name="testBlackjackScoreOver21Player21" class="App\Classes\Game\BlackjackTest" classname="App.Classes.Game.BlackjackTest" file="/Users/frida/Kod/BTH/dbwebb-kurser/mvc/me/report/tests/Game/BlackjackTest.php" line="137" assertions="2" time="0.001698"/>
        <testcase name="testBlackjackScoreOver21Dealer" class="App\Classes\Game\BlackjackTest" classname="App.Classes.Game.BlackjackTest" file="/Users/frida/Kod/BTH/dbwebb-kurser/mvc/me/report/tests/Game/BlackjackTest.php" line="158" assertions="2" time="0.001724"/>
        <testcase name="testBlackjackEqualScoreOver21" class="App\Classes\Game\BlackjackTest" classname="App.Classes.Game.BlackjackTest" file="/Users/frida/Kod/BTH/dbwebb-kurser/mvc/me/report/tests/Game/BlackjackTest.php" line="179" assertions="2" time="0.001902"/>
      </testsuite>
      <testsuite name="App\Classes\Game\PlayerTest" file="/Users/frida/Kod/BTH/dbwebb-kurser/mvc/me/report/tests/Game/PlayerTest.php" tests="7" assertions="14" errors="0" warnings="0" failures="0" skipped="0" time="0.010386">
        <testcase name="testSetCurrentCardHand" class="App\Classes\Game\PlayerTest" classname="App.Classes.Game.PlayerTest" file="/Users/frida/Kod/BTH/dbwebb-kurser/mvc/me/report/tests/Game/PlayerTest.php" line="18" assertions="2" time="0.000742"/>
        <testcase name="testSCalculateCardHand" class="App\Classes\Game\PlayerTest" classname="App.Classes.Game.PlayerTest" file="/Users/frida/Kod/BTH/dbwebb-kurser/mvc/me/report/tests/Game/PlayerTest.php" line="30" assertions="2" time="0.000767"/>
        <testcase name="testGetPlayer" class="App\Classes\Game\PlayerTest" classname="App.Classes.Game.PlayerTest" file="/Users/frida/Kod/BTH/dbwebb-kurser/mvc/me/report/tests/Game/PlayerTest.php" line="44" assertions="2" time="0.000788"/>
        <testcase name="testSetPlayer" class="App\Classes\Game\PlayerTest" classname="App.Classes.Game.PlayerTest" file="/Users/frida/Kod/BTH/dbwebb-kurser/mvc/me/report/tests/Game/PlayerTest.php" line="55" assertions="2" time="0.001520"/>
        <testcase name="testIsActive" class="App\Classes\Game\PlayerTest" classname="App.Classes.Game.PlayerTest" file="/Users/frida/Kod/BTH/dbwebb-kurser/mvc/me/report/tests/Game/PlayerTest.php" line="67" assertions="2" time="0.002100"/>
        <testcase name="testDraw" class="App\Classes\Game\PlayerTest" classname="App.Classes.Game.PlayerTest" file="/Users/frida/Kod/BTH/dbwebb-kurser/mvc/me/report/tests/Game/PlayerTest.php" line="78" assertions="2" time="0.001987"/>
        <testcase name="testStop" class="App\Classes\Game\PlayerTest" classname="App.Classes.Game.PlayerTest" file="/Users/frida/Kod/BTH/dbwebb-kurser/mvc/me/report/tests/Game/PlayerTest.php" line="91" assertions="2" time="0.002482"/>
      </testsuite>
      <testsuite name="App\Controller\LibraryControllerTest" file="/Users/frida/Kod/BTH/dbwebb-kurser/mvc/me/report/tests/LIbraryControllerTest.php" tests="8" assertions="11" errors="0" warnings="0" failures="0" skipped="0" time="1.288975">
        <testcase name="testIndex" class="App\Controller\LibraryControllerTest" classname="App.Controller.LibraryControllerTest" file="/Users/frida/Kod/BTH/dbwebb-kurser/mvc/me/report/tests/LIbraryControllerTest.php" line="56" assertions="1" time="0.441235"/>
        <testcase name="testShowAllBooks" class="App\Controller\LibraryControllerTest" classname="App.Controller.LibraryControllerTest" file="/Users/frida/Kod/BTH/dbwebb-kurser/mvc/me/report/tests/LIbraryControllerTest.php" line="65" assertions="1" time="0.050362"/>
        <testcase name="testShowBookById" class="App\Controller\LibraryControllerTest" classname="App.Controller.LibraryControllerTest" file="/Users/frida/Kod/BTH/dbwebb-kurser/mvc/me/report/tests/LIbraryControllerTest.php" line="74" assertions="1" time="0.038673"/>
        <testcase name="testExceptionShowBookById" class="App\Controller\LibraryControllerTest" classname="App.Controller.LibraryControllerTest" file="/Users/frida/Kod/BTH/dbwebb-kurser/mvc/me/report/tests/LIbraryControllerTest.php" line="86" assertions="2" time="0.417706"/>
        <testcase name="testCreateBookForm" class="App\Controller\LibraryControllerTest" classname="App.Controller.LibraryControllerTest" file="/Users/frida/Kod/BTH/dbwebb-kurser/mvc/me/report/tests/LIbraryControllerTest.php" line="100" assertions="1" time="0.030722"/>
        <testcase name="testUpdateBookForm" class="App\Controller\LibraryControllerTest" classname="App.Controller.LibraryControllerTest" file="/Users/frida/Kod/BTH/dbwebb-kurser/mvc/me/report/tests/LIbraryControllerTest.php" line="152" assertions="1" time="0.046337"/>
        <testcase name="testExceptionUpdateBookForm" class="App\Controller\LibraryControllerTest" classname="App.Controller.LibraryControllerTest" file="/Users/frida/Kod/BTH/dbwebb-kurser/mvc/me/report/tests/LIbraryControllerTest.php" line="164" assertions="2" time="0.168505"/>
        <testcase name="testExceptionDeleteBookById" class="App\Controller\LibraryControllerTest" classname="App.Controller.LibraryControllerTest" file="/Users/frida/Kod/BTH/dbwebb-kurser/mvc/me/report/tests/LIbraryControllerTest.php" line="179" assertions="2" time="0.095435"/>
      </testsuite>
      <testsuite name="App\Repository\BookRepositoryTest" file="/Users/frida/Kod/BTH/dbwebb-kurser/mvc/me/report/tests/Repository/BookRepositoryTest.php" tests="2" assertions="3" errors="0" warnings="0" failures="0" skipped="0" time="0.018405">
        <testcase name="testAdd" class="App\Repository\BookRepositoryTest" classname="App.Repository.BookRepositoryTest" file="/Users/frida/Kod/BTH/dbwebb-kurser/mvc/me/report/tests/Repository/BookRepositoryTest.php" line="30" assertions="2" time="0.013311"/>
        <testcase name="testRemove" class="App\Repository\BookRepositoryTest" classname="App.Repository.BookRepositoryTest" file="/Users/frida/Kod/BTH/dbwebb-kurser/mvc/me/report/tests/Repository/BookRepositoryTest.php" line="43" assertions="1" time="0.005094"/>
      </testsuite>
    </testsuite>
  </testsuite>
</testsuites>
