<?xml version="1.0" encoding="UTF-8"?>
<testsuites>
  <testsuite name="" tests="47" assertions="106" errors="0" warnings="0" failures="0" skipped="0" time="1.372621">
    <testsuite name="Project Test Suite" tests="47" assertions="106" errors="0" warnings="0" failures="0" skipped="0" time="1.372621">
      <testsuite name="App\Classes\Card\CardTest" file="/Users/frida/Kod/BTH/dbwebb-kurser/mvc/me/report/tests/Card/CardTest.php" tests="4" assertions="8" errors="0" warnings="0" failures="0" skipped="0" time="0.027126">
        <testcase name="testCreateCard" class="App\Classes\Card\CardTest" classname="App.Classes.Card.CardTest" file="/Users/frida/Kod/BTH/dbwebb-kurser/mvc/me/report/tests/Card/CardTest.php" line="15" assertions="2" time="0.023869"/>
        <testcase name="testCreateCardVerifyValue" class="App\Classes\Card\CardTest" classname="App.Classes.Card.CardTest" file="/Users/frida/Kod/BTH/dbwebb-kurser/mvc/me/report/tests/Card/CardTest.php" line="27" assertions="2" time="0.001988"/>
        <testcase name="testCreateCardVerifySuit" class="App\Classes\Card\CardTest" classname="App.Classes.Card.CardTest" file="/Users/frida/Kod/BTH/dbwebb-kurser/mvc/me/report/tests/Card/CardTest.php" line="38" assertions="2" time="0.000665"/>
        <testcase name="testCreateCardVerifyValueAsString" class="App\Classes\Card\CardTest" classname="App.Classes.Card.CardTest" file="/Users/frida/Kod/BTH/dbwebb-kurser/mvc/me/report/tests/Card/CardTest.php" line="50" assertions="2" time="0.000604"/>
      </testsuite>
      <testsuite name="App\Classes\Card\Deck2Test" file="/Users/frida/Kod/BTH/dbwebb-kurser/mvc/me/report/tests/Card/Deck2Test.php" tests="1" assertions="3" errors="0" warnings="0" failures="0" skipped="0" time="0.004977">
        <testcase name="testCreateDeck2" class="App\Classes\Card\Deck2Test" classname="App.Classes.Card.Deck2Test" file="/Users/frida/Kod/BTH/dbwebb-kurser/mvc/me/report/tests/Card/Deck2Test.php" line="16" assertions="3" time="0.004977"/>
      </testsuite>
      <testsuite name="App\Classes\Card\DeckTest" file="/Users/frida/Kod/BTH/dbwebb-kurser/mvc/me/report/tests/Card/DeckTest.php" tests="9" assertions="20" errors="0" warnings="0" failures="0" skipped="0" time="0.033102">
        <testcase name="testCreateDeck" class="App\Classes\Card\DeckTest" classname="App.Classes.Card.DeckTest" file="/Users/frida/Kod/BTH/dbwebb-kurser/mvc/me/report/tests/Card/DeckTest.php" line="15" assertions="2" time="0.001764"/>
        <testcase name="testGetDeck" class="App\Classes\Card\DeckTest" classname="App.Classes.Card.DeckTest" file="/Users/frida/Kod/BTH/dbwebb-kurser/mvc/me/report/tests/Card/DeckTest.php" line="27" assertions="2" time="0.002220"/>
        <testcase name="testSetDeck" class="App\Classes\Card\DeckTest" classname="App.Classes.Card.DeckTest" file="/Users/frida/Kod/BTH/dbwebb-kurser/mvc/me/report/tests/Card/DeckTest.php" line="39" assertions="2" time="0.001008"/>
        <testcase name="testGetCardHand" class="App\Classes\Card\DeckTest" classname="App.Classes.Card.DeckTest" file="/Users/frida/Kod/BTH/dbwebb-kurser/mvc/me/report/tests/Card/DeckTest.php" line="53" assertions="2" time="0.000996"/>
        <testcase name="testSetCardHand" class="App\Classes\Card\DeckTest" classname="App.Classes.Card.DeckTest" file="/Users/frida/Kod/BTH/dbwebb-kurser/mvc/me/report/tests/Card/DeckTest.php" line="65" assertions="2" time="0.000967"/>
        <testcase name="testShuffleDeck" class="App\Classes\Card\DeckTest" classname="App.Classes.Card.DeckTest" file="/Users/frida/Kod/BTH/dbwebb-kurser/mvc/me/report/tests/Card/DeckTest.php" line="78" assertions="3" time="0.021826"/>
        <testcase name="testGetCards" class="App\Classes\Card\DeckTest" classname="App.Classes.Card.DeckTest" file="/Users/frida/Kod/BTH/dbwebb-kurser/mvc/me/report/tests/Card/DeckTest.php" line="95" assertions="2" time="0.001096"/>
        <testcase name="testGetCardsForPlayer" class="App\Classes\Card\DeckTest" classname="App.Classes.Card.DeckTest" file="/Users/frida/Kod/BTH/dbwebb-kurser/mvc/me/report/tests/Card/DeckTest.php" line="109" assertions="2" time="0.000985"/>
        <testcase name="testGetJson" class="App\Classes\Card\DeckTest" classname="App.Classes.Card.DeckTest" file="/Users/frida/Kod/BTH/dbwebb-kurser/mvc/me/report/tests/Card/DeckTest.php" line="123" assertions="3" time="0.002241"/>
      </testsuite>
      <testsuite name="App\Classes\Dice\DiceGraphicTest" file="/Users/frida/Kod/BTH/dbwebb-kurser/mvc/me/report/tests/Dice/DiceGraphicTest.php" tests="1" assertions="2" errors="0" warnings="0" failures="0" skipped="0" time="0.001750">
        <testcase name="testCreateDiceGraphic" class="App\Classes\Dice\DiceGraphicTest" classname="App.Classes.Dice.DiceGraphicTest" file="/Users/frida/Kod/BTH/dbwebb-kurser/mvc/me/report/tests/Dice/DiceGraphicTest.php" line="16" assertions="2" time="0.001750"/>
      </testsuite>
      <testsuite name="App\Classes\Dice\DiceHandTest" file="/Users/frida/Kod/BTH/dbwebb-kurser/mvc/me/report/tests/Dice/DiceHandTest.php" tests="4" assertions="12" errors="0" warnings="0" failures="0" skipped="0" time="0.008896">
        <testcase name="testCreateDiceHand" class="App\Classes\Dice\DiceHandTest" classname="App.Classes.Dice.DiceHandTest" file="/Users/frida/Kod/BTH/dbwebb-kurser/mvc/me/report/tests/Dice/DiceHandTest.php" line="16" assertions="2" time="0.001266"/>
        <testcase name="testAddToHand" class="App\Classes\Dice\DiceHandTest" classname="App.Classes.Dice.DiceHandTest" file="/Users/frida/Kod/BTH/dbwebb-kurser/mvc/me/report/tests/Dice/DiceHandTest.php" line="28" assertions="2" time="0.000874"/>
        <testcase name="testRoll" class="App\Classes\Dice\DiceHandTest" classname="App.Classes.Dice.DiceHandTest" file="/Users/frida/Kod/BTH/dbwebb-kurser/mvc/me/report/tests/Dice/DiceHandTest.php" line="42" assertions="5" time="0.005914"/>
        <testcase name="testGetNumberDices" class="App\Classes\Dice\DiceHandTest" classname="App.Classes.Dice.DiceHandTest" file="/Users/frida/Kod/BTH/dbwebb-kurser/mvc/me/report/tests/Dice/DiceHandTest.php" line="58" assertions="3" time="0.000843"/>
      </testsuite>
      <testsuite name="App\Classes\Dice\DiceTest" file="/Users/frida/Kod/BTH/dbwebb-kurser/mvc/me/report/tests/Dice/DiceTest.php" tests="2" assertions="7" errors="0" warnings="0" failures="0" skipped="0" time="0.001986">
        <testcase name="testCreateDice" class="App\Classes\Dice\DiceTest" classname="App.Classes.Dice.DiceTest" file="/Users/frida/Kod/BTH/dbwebb-kurser/mvc/me/report/tests/Dice/DiceTest.php" line="16" assertions="2" time="0.000933"/>
        <testcase name="testRoll" class="App\Classes\Dice\DiceTest" classname="App.Classes.Dice.DiceTest" file="/Users/frida/Kod/BTH/dbwebb-kurser/mvc/me/report/tests/Dice/DiceTest.php" line="27" assertions="5" time="0.001053"/>
      </testsuite>
      <testsuite name="App\Classes\Game\BlackjackTest" file="/Users/frida/Kod/BTH/dbwebb-kurser/mvc/me/report/tests/Game/BlackjackTest.php" tests="9" assertions="26" errors="0" warnings="0" failures="0" skipped="0" time="0.020283">
        <testcase name="testCreateBlackjack" class="App\Classes\Game\BlackjackTest" classname="App.Classes.Game.BlackjackTest" file="/Users/frida/Kod/BTH/dbwebb-kurser/mvc/me/report/tests/Game/BlackjackTest.php" line="16" assertions="3" time="0.006555"/>
        <testcase name="testGetCurrentDeck" class="App\Classes\Game\BlackjackTest" classname="App.Classes.Game.BlackjackTest" file="/Users/frida/Kod/BTH/dbwebb-kurser/mvc/me/report/tests/Game/BlackjackTest.php" line="30" assertions="3" time="0.001224"/>
        <testcase name="testReset" class="App\Classes\Game\BlackjackTest" classname="App.Classes.Game.BlackjackTest" file="/Users/frida/Kod/BTH/dbwebb-kurser/mvc/me/report/tests/Game/BlackjackTest.php" line="43" assertions="8" time="0.001971"/>
        <testcase name="testBlackjackScoresUnder21" class="App\Classes\Game\BlackjackTest" classname="App.Classes.Game.BlackjackTest" file="/Users/frida/Kod/BTH/dbwebb-kurser/mvc/me/report/tests/Game/BlackjackTest.php" line="77" assertions="2" time="0.001668"/>
        <testcase name="testBlackjackScoreOver21PlayerOver21" class="App\Classes\Game\BlackjackTest" classname="App.Classes.Game.BlackjackTest" file="/Users/frida/Kod/BTH/dbwebb-kurser/mvc/me/report/tests/Game/BlackjackTest.php" line="97" assertions="2" time="0.001456"/>
        <testcase name="testBlackjackScoreOver21Dealer21" class="App\Classes\Game\BlackjackTest" classname="App.Classes.Game.BlackjackTest" file="/Users/frida/Kod/BTH/dbwebb-kurser/mvc/me/report/tests/Game/BlackjackTest.php" line="117" assertions="2" time="0.001444"/>
        <testcase name="testBlackjackScoreOver21Player21" class="App\Classes\Game\BlackjackTest" classname="App.Classes.Game.BlackjackTest" file="/Users/frida/Kod/BTH/dbwebb-kurser/mvc/me/report/tests/Game/BlackjackTest.php" line="137" assertions="2" time="0.001428"/>
        <testcase name="testBlackjackScoreOver21Dealer" class="App\Classes\Game\BlackjackTest" classname="App.Classes.Game.BlackjackTest" file="/Users/frida/Kod/BTH/dbwebb-kurser/mvc/me/report/tests/Game/BlackjackTest.php" line="158" assertions="2" time="0.001485"/>
        <testcase name="testBlackjackEqualScoreOver21" class="App\Classes\Game\BlackjackTest" classname="App.Classes.Game.BlackjackTest" file="/Users/frida/Kod/BTH/dbwebb-kurser/mvc/me/report/tests/Game/BlackjackTest.php" line="179" assertions="2" time="0.003051"/>
      </testsuite>
      <testsuite name="App\Classes\Game\PlayerTest" file="/Users/frida/Kod/BTH/dbwebb-kurser/mvc/me/report/tests/Game/PlayerTest.php" tests="7" assertions="14" errors="0" warnings="0" failures="0" skipped="0" time="0.008689">
        <testcase name="testSetCurrentCardHand" class="App\Classes\Game\PlayerTest" classname="App.Classes.Game.PlayerTest" file="/Users/frida/Kod/BTH/dbwebb-kurser/mvc/me/report/tests/Game/PlayerTest.php" line="18" assertions="2" time="0.000705"/>
        <testcase name="testSCalculateCardHand" class="App\Classes\Game\PlayerTest" classname="App.Classes.Game.PlayerTest" file="/Users/frida/Kod/BTH/dbwebb-kurser/mvc/me/report/tests/Game/PlayerTest.php" line="30" assertions="2" time="0.000706"/>
        <testcase name="testGetPlayer" class="App\Classes\Game\PlayerTest" classname="App.Classes.Game.PlayerTest" file="/Users/frida/Kod/BTH/dbwebb-kurser/mvc/me/report/tests/Game/PlayerTest.php" line="44" assertions="2" time="0.000646"/>
        <testcase name="testSetPlayer" class="App\Classes\Game\PlayerTest" classname="App.Classes.Game.PlayerTest" file="/Users/frida/Kod/BTH/dbwebb-kurser/mvc/me/report/tests/Game/PlayerTest.php" line="55" assertions="2" time="0.000646"/>
        <testcase name="testIsActive" class="App\Classes\Game\PlayerTest" classname="App.Classes.Game.PlayerTest" file="/Users/frida/Kod/BTH/dbwebb-kurser/mvc/me/report/tests/Game/PlayerTest.php" line="67" assertions="2" time="0.001672"/>
        <testcase name="testDraw" class="App\Classes\Game\PlayerTest" classname="App.Classes.Game.PlayerTest" file="/Users/frida/Kod/BTH/dbwebb-kurser/mvc/me/report/tests/Game/PlayerTest.php" line="78" assertions="2" time="0.002723"/>
        <testcase name="testStop" class="App\Classes\Game\PlayerTest" classname="App.Classes.Game.PlayerTest" file="/Users/frida/Kod/BTH/dbwebb-kurser/mvc/me/report/tests/Game/PlayerTest.php" line="91" assertions="2" time="0.001592"/>
      </testsuite>
      <testsuite name="App\Controller\LibraryControllerTest" file="/Users/frida/Kod/BTH/dbwebb-kurser/mvc/me/report/tests/LibraryControllerTest.php" tests="8" assertions="11" errors="0" warnings="0" failures="0" skipped="0" time="1.255279">
        <testcase name="testIndex" class="App\Controller\LibraryControllerTest" classname="App.Controller.LibraryControllerTest" file="/Users/frida/Kod/BTH/dbwebb-kurser/mvc/me/report/tests/LibraryControllerTest.php" line="58" assertions="1" time="0.769674"/>
        <testcase name="testShowAllBooks" class="App\Controller\LibraryControllerTest" classname="App.Controller.LibraryControllerTest" file="/Users/frida/Kod/BTH/dbwebb-kurser/mvc/me/report/tests/LibraryControllerTest.php" line="67" assertions="1" time="0.031612"/>
        <testcase name="testShowBookById" class="App\Controller\LibraryControllerTest" classname="App.Controller.LibraryControllerTest" file="/Users/frida/Kod/BTH/dbwebb-kurser/mvc/me/report/tests/LibraryControllerTest.php" line="76" assertions="1" time="0.021539"/>
        <testcase name="testExceptionShowBookById" class="App\Controller\LibraryControllerTest" classname="App.Controller.LibraryControllerTest" file="/Users/frida/Kod/BTH/dbwebb-kurser/mvc/me/report/tests/LibraryControllerTest.php" line="88" assertions="2" time="0.193723"/>
        <testcase name="testCreateBookForm" class="App\Controller\LibraryControllerTest" classname="App.Controller.LibraryControllerTest" file="/Users/frida/Kod/BTH/dbwebb-kurser/mvc/me/report/tests/LibraryControllerTest.php" line="102" assertions="1" time="0.035288"/>
        <testcase name="testUpdateBookForm" class="App\Controller\LibraryControllerTest" classname="App.Controller.LibraryControllerTest" file="/Users/frida/Kod/BTH/dbwebb-kurser/mvc/me/report/tests/LibraryControllerTest.php" line="154" assertions="1" time="0.022934"/>
        <testcase name="testExceptionUpdateBookForm" class="App\Controller\LibraryControllerTest" classname="App.Controller.LibraryControllerTest" file="/Users/frida/Kod/BTH/dbwebb-kurser/mvc/me/report/tests/LibraryControllerTest.php" line="166" assertions="2" time="0.156898"/>
        <testcase name="testExceptionDeleteBookById" class="App\Controller\LibraryControllerTest" classname="App.Controller.LibraryControllerTest" file="/Users/frida/Kod/BTH/dbwebb-kurser/mvc/me/report/tests/LibraryControllerTest.php" line="181" assertions="2" time="0.023611"/>
      </testsuite>
      <testsuite name="App\Repository\BookRepositoryTest" file="/Users/frida/Kod/BTH/dbwebb-kurser/mvc/me/report/tests/Repository/BookRepositoryTest.php" tests="2" assertions="3" errors="0" warnings="0" failures="0" skipped="0" time="0.010533">
        <testcase name="testAdd" class="App\Repository\BookRepositoryTest" classname="App.Repository.BookRepositoryTest" file="/Users/frida/Kod/BTH/dbwebb-kurser/mvc/me/report/tests/Repository/BookRepositoryTest.php" line="24" assertions="2" time="0.006532"/>
        <testcase name="testRemove" class="App\Repository\BookRepositoryTest" classname="App.Repository.BookRepositoryTest" file="/Users/frida/Kod/BTH/dbwebb-kurser/mvc/me/report/tests/Repository/BookRepositoryTest.php" line="37" assertions="1" time="0.004000"/>
      </testsuite>
    </testsuite>
  </testsuite>
</testsuites>
